<?xml version="1.0" encoding="UTF-8"?>
<!-- Generated by org.testng.reporters.JUnitXMLReporter -->
<testsuite ignored="0" hostname="DESKTOP-9GIQDKD" failures="0" tests="5" name="Test" time="90.317" errors="0" timestamp="2023-03-26T23:57:04 IST">
  <testcase classname="testcases.LoginTest" name="LoginwithValidCredentials1" time="3.226"/>
  <testcase classname="testcases.LoginTest" name="LoginwithInvalidCredentials" time="2.779"/>
  <testcase classname="testcases.RoundTripTest" name="RoundTripOperation" time="5.916"/>
  <testcase classname="testcases.SignupTest" name="Signup" time="12.026"/>
  <testcase classname="testcases.OnewayTripTest" name="SearchFlightOperation" time="5.614"/>
</testsuite> <!-- Test -->
