<?xml version="1.0" encoding="UTF-8"?>
<testng-results ignored="0" total="5" passed="5" failed="0" skipped="0">
  <reporter-output>
  </reporter-output>
  <suite started-at="2023-03-26T23:55:34 IST" name="Suite" finished-at="2023-03-26T23:57:04 IST" duration-ms="90317">
    <groups>
    </groups>
    <test started-at="2023-03-26T23:55:34 IST" name="Test" finished-at="2023-03-26T23:57:04 IST" duration-ms="90317">
      <class name="testcases.SignupTest">
        <test-method is-config="true" signature="Startup()[pri:0, instance:testcases.SignupTest@28701274]" started-at="2023-03-26T23:56:22 IST" name="Startup" finished-at="2023-03-26T23:56:35 IST" duration-ms="13103" status="PASS">
          <reporter-output>
          </reporter-output>
        </test-method> <!-- Startup -->
        <test-method signature="Signup()[pri:0, instance:testcases.SignupTest@28701274]" started-at="2023-03-26T23:56:35 IST" name="Signup" finished-at="2023-03-26T23:56:47 IST" duration-ms="12026" status="PASS">
          <reporter-output>
          </reporter-output>
        </test-method> <!-- Signup -->
        <test-method is-config="true" signature="close()[pri:0, instance:testcases.SignupTest@28701274]" started-at="2023-03-26T23:56:47 IST" name="close" finished-at="2023-03-26T23:56:47 IST" duration-ms="255" status="PASS">
          <reporter-output>
          </reporter-output>
        </test-method> <!-- close -->
      </class> <!-- testcases.SignupTest -->
      <class name="testcases.RoundTripTest">
        <test-method is-config="true" signature="Startup()[pri:0, instance:testcases.RoundTripTest@36fc695d]" started-at="2023-03-26T23:56:05 IST" name="Startup" finished-at="2023-03-26T23:56:16 IST" duration-ms="10591" status="PASS">
          <reporter-output>
          </reporter-output>
        </test-method> <!-- Startup -->
        <test-method signature="RoundTripOperation()[pri:0, instance:testcases.RoundTripTest@36fc695d]" started-at="2023-03-26T23:56:16 IST" name="RoundTripOperation" finished-at="2023-03-26T23:56:21 IST" duration-ms="5916" status="PASS">
          <reporter-output>
          </reporter-output>
        </test-method> <!-- RoundTripOperation -->
        <test-method is-config="true" signature="close()[pri:0, instance:testcases.RoundTripTest@36fc695d]" started-at="2023-03-26T23:56:21 IST" name="close" finished-at="2023-03-26T23:56:22 IST" duration-ms="257" status="PASS">
          <reporter-output>
          </reporter-output>
        </test-method> <!-- close -->
      </class> <!-- testcases.RoundTripTest -->
      <class name="testcases.OnewayTripTest">
        <test-method is-config="true" signature="Startup()[pri:0, instance:testcases.OnewayTripTest@13c9d689]" started-at="2023-03-26T23:56:47 IST" name="Startup" finished-at="2023-03-26T23:56:58 IST" duration-ms="11215" status="PASS">
          <reporter-output>
          </reporter-output>
        </test-method> <!-- Startup -->
        <test-method signature="SearchFlightOperation()[pri:0, instance:testcases.OnewayTripTest@13c9d689]" started-at="2023-03-26T23:56:58 IST" name="SearchFlightOperation" finished-at="2023-03-26T23:57:04 IST" duration-ms="5614" status="PASS">
          <reporter-output>
          </reporter-output>
        </test-method> <!-- SearchFlightOperation -->
        <test-method is-config="true" signature="close()[pri:0, instance:testcases.OnewayTripTest@13c9d689]" started-at="2023-03-26T23:57:04 IST" name="close" finished-at="2023-03-26T23:57:04 IST" duration-ms="226" status="PASS">
          <reporter-output>
          </reporter-output>
        </test-method> <!-- close -->
      </class> <!-- testcases.OnewayTripTest -->
      <class name="testcases.LoginTest">
        <test-method is-config="true" signature="Startup()[pri:0, instance:testcases.LoginTest@2a65fe7c]" started-at="2023-03-26T23:55:34 IST" name="Startup" finished-at="2023-03-26T23:55:47 IST" duration-ms="13596" status="PASS">
          <reporter-output>
          </reporter-output>
        </test-method> <!-- Startup -->
        <test-method signature="LoginwithValidCredentials1()[pri:1, instance:testcases.LoginTest@2a65fe7c]" started-at="2023-03-26T23:55:47 IST" name="LoginwithValidCredentials1" finished-at="2023-03-26T23:55:51 IST" duration-ms="3226" status="PASS">
          <reporter-output>
          </reporter-output>
        </test-method> <!-- LoginwithValidCredentials1 -->
        <test-method is-config="true" signature="close()[pri:0, instance:testcases.LoginTest@2a65fe7c]" started-at="2023-03-26T23:55:51 IST" name="close" finished-at="2023-03-26T23:55:51 IST" duration-ms="244" status="PASS">
          <reporter-output>
          </reporter-output>
        </test-method> <!-- close -->
        <test-method is-config="true" signature="Startup()[pri:0, instance:testcases.LoginTest@2a65fe7c]" started-at="2023-03-26T23:55:51 IST" name="Startup" finished-at="2023-03-26T23:56:02 IST" duration-ms="10980" status="PASS">
          <reporter-output>
          </reporter-output>
        </test-method> <!-- Startup -->
        <test-method signature="LoginwithInvalidCredentials()[pri:2, instance:testcases.LoginTest@2a65fe7c]" started-at="2023-03-26T23:56:02 IST" name="LoginwithInvalidCredentials" finished-at="2023-03-26T23:56:05 IST" duration-ms="2779" status="PASS">
          <reporter-output>
          </reporter-output>
        </test-method> <!-- LoginwithInvalidCredentials -->
        <test-method is-config="true" signature="close()[pri:0, instance:testcases.LoginTest@2a65fe7c]" started-at="2023-03-26T23:56:05 IST" name="close" finished-at="2023-03-26T23:56:05 IST" duration-ms="186" status="PASS">
          <reporter-output>
          </reporter-output>
        </test-method> <!-- close -->
      </class> <!-- testcases.LoginTest -->
    </test> <!-- Test -->
  </suite> <!-- Suite -->
</testng-results>
